<?xml version="1.0" encoding="UTF-8"?>
<!-- Generated by org.testng.reporters.JUnitXMLReporter -->
<testsuite ignored="0" hostname="LIN-PF312D66" failures="1" tests="3" name="ErrorValidation" time="67.782" errors="0" timestamp="2024-04-23T21:52:46 IST">
  <testcase classname="Automation.Arijit_Framework.ErrorValidation" name="erroValidate" time="9.724"/>
  <testcase classname="Automation.Arijit_Framework.ErrorValidation" name="erroValidate2" time="30.046">
    <skipped/>
  </testcase> <!-- erroValidate2 -->
  <testcase classname="Automation.Arijit_Framework.ErrorValidation" name="erroValidate2" time="9.191">
    <failure type="java.lang.AssertionError" message="expected [Invalid email address or password entered] but found [Invalid email address o password entered]">
      <![CDATA[java.lang.AssertionError: expected [Invalid email address or password entered] but found [Invalid email address o password entered]
at Automation.Arijit_Framework.ErrorValidation.erroValidate2(ErrorValidation.java:22)
at java.base/java.util.ArrayList.forEach(ArrayList.java:1511)
at java.base/java.util.concurrent.FutureTask.run(FutureTask.java:264)
at java.base/java.util.concurrent.ThreadPoolExecutor.runWorker(ThreadPoolExecutor.java:1136)
at java.base/java.util.concurrent.ThreadPoolExecutor$Worker.run(ThreadPoolExecutor.java:635)
at java.base/java.lang.Thread.run(Thread.java:840)
... Removed 23 stack frames]]>
    </failure>
  </testcase> <!-- erroValidate2 -->
</testsuite> <!-- ErrorValidation -->
